2011-07-07 21:11:53 Notice: Notice (8): Undefined property: View::$Auth in [/var/www/hc3/app/views/countries/index.ctp, line 1]
2011-07-07 21:12:28 Notice: Notice (8): Trying to get property of non-object in [/var/www/hc3/app/views/countries/index.ctp, line 1]
2011-07-07 21:13:04 Notice: Notice (8): Undefined index:  username in [/var/www/hc3/app/views/countries/index.ctp, line 1]
2011-07-07 21:38:05 Notice: Notice (8): Undefined property: PagesController::$Auth in [/var/www/hc3/cake/libs/controller/app_controller.php, line 38]
2011-12-19 16:48:15 Notice: Notice (8): Undefined index: members in [/var/www/hc3/app/views/countries/index.ctp, line 37]
2011-12-19 16:48:35 Notice: Notice (8): Undefined property: View::$Js in [/var/www/hc3/app/views/layouts/default.ctp, line 33]
2011-12-19 16:49:00 Notice: Notice (8): Undefined index: members in [/var/www/hc3/app/views/countries/index.ctp, line 35]
2011-12-19 16:51:50 Notice: Notice (8): Undefined property: View::$Js in [/var/www/hc3/app/views/layouts/default.ctp, line 33]
2011-12-19 16:52:42 Notice: Notice (8): Undefined property: View::$Js in [/var/www/hc3/app/views/layouts/default.ctp, line 33]
2011-12-19 16:52:44 Notice: Notice (8): Undefined property: View::$Js in [/var/www/hc3/app/views/layouts/default.ctp, line 33]
2011-12-19 16:53:59 Notice: Notice (8): Undefined property: View::$Js in [/var/www/hc3/app/views/layouts/default.ctp, line 33]
2011-12-19 16:54:14 Notice: Notice (8): Undefined property: View::$Js in [/var/www/hc3/app/views/layouts/default.ctp, line 33]
2011-12-19 16:54:34 Notice: Notice (8): Undefined property: View::$Js in [/var/www/hc3/app/views/layouts/default.ctp, line 33]
2011-12-19 16:54:40 Notice: Notice (8): Undefined property: View::$Js in [/var/www/hc3/app/views/layouts/default.ctp, line 33]
2011-12-19 17:14:58 Notice: Notice (8): Undefined property: View::$Js in [/var/www/hc3/app/views/layouts/default.ctp, line 35]
2011-12-19 17:15:01 Notice: Notice (8): Undefined property: View::$Js in [/var/www/hc3/app/views/layouts/default.ctp, line 35]
2011-12-19 17:18:53 Notice: Notice (8): Undefined property: View::$Js in [/var/www/hc3/app/views/layouts/default.ctp, line 35]
2011-12-19 17:32:03 Notice: Notice (8): Undefined property: View::$Js in [/var/www/hc3/app/views/layouts/default.ctp, line 35]
2011-12-19 17:35:20 Notice: Notice (8): Undefined property: View::$Js in [/var/www/hc3/app/views/layouts/default.ctp, line 33]
2011-12-19 17:37:49 Notice: Notice (8): Undefined property: View::$Js in [/var/www/hc3/app/views/layouts/default.ctp, line 33]
2011-12-19 17:37:54 Notice: Notice (8): Undefined property: View::$Js in [/var/www/hc3/app/views/layouts/default.ctp, line 33]
2011-12-19 17:39:27 Notice: Notice (8): Undefined property: View::$Js in [/var/www/hc3/app/views/layouts/default.ctp, line 33]
2011-12-19 17:39:45 Notice: Notice (8): Undefined property: View::$Js in [/var/www/hc3/app/views/layouts/default.ctp, line 33]
2011-12-19 17:40:37 Notice: Notice (8): Undefined property: View::$Js in [/var/www/hc3/app/views/layouts/default.ctp, line 33]
2011-12-19 17:41:26 Notice: Notice (8): Undefined property: View::$Js in [/var/www/hc3/app/views/layouts/default.ctp, line 33]
2011-12-19 17:41:37 Notice: Notice (8): Undefined property: View::$Js in [/var/www/hc3/app/views/layouts/default.ctp, line 33]
2011-12-19 17:42:34 Notice: Notice (8): Undefined property: View::$Js in [/var/www/hc3/app/views/layouts/default.ctp, line 33]
2011-12-19 17:42:49 Notice: Notice (8): Undefined index: Region in [/var/www/hc3/app/controllers/regions_controller.php, line 15]
2011-12-19 17:42:49 Notice: Notice (8): Undefined property: View::$Js in [/var/www/hc3/app/views/layouts/default.ctp, line 33]
2011-12-19 17:42:57 Notice: Notice (8): Undefined index: Country in [/var/www/hc3/app/controllers/regions_controller.php, line 15]
2011-12-19 17:42:57 Notice: Notice (8): Undefined property: View::$Js in [/var/www/hc3/app/views/layouts/default.ctp, line 33]
2011-12-19 17:43:05 Notice: Notice (8): Undefined property: View::$Js in [/var/www/hc3/app/views/layouts/default.ctp, line 33]
2011-12-19 17:43:29 Notice: Notice (8): Undefined property: View::$Js in [/var/www/hc3/app/views/layouts/default.ctp, line 33]
2011-12-19 17:44:06 Notice: Notice (8): Undefined property: View::$Js in [/var/www/hc3/app/views/layouts/default.ctp, line 33]
2011-12-19 17:44:15 Notice: Notice (8): Undefined property: View::$Js in [/var/www/hc3/app/views/layouts/default.ctp, line 33]
2011-12-19 17:44:23 Notice: Notice (8): Undefined property: View::$Js in [/var/www/hc3/app/views/layouts/default.ctp, line 33]
2011-12-19 17:45:27 Notice: Notice (8): Undefined variable: country_regions in [/var/www/hc3/app/views/regions/country.ctp, line 6]
2011-12-19 17:45:27 Notice: Notice (8): Undefined property: View::$Js in [/var/www/hc3/app/views/layouts/default.ctp, line 33]
2011-12-19 17:46:04 Notice: Notice (8): Undefined property: View::$Js in [/var/www/hc3/app/views/layouts/default.ctp, line 33]
2011-12-19 17:46:13 Notice: Notice (8): Undefined property: View::$Js in [/var/www/hc3/app/views/layouts/default.ctp, line 33]
2011-12-19 17:46:27 Notice: Notice (8): Undefined property: View::$Js in [/var/www/hc3/app/views/layouts/default.ctp, line 33]
2011-12-19 17:47:23 Notice: Notice (8): Undefined property: View::$Js in [/var/www/hc3/app/views/layouts/default.ctp, line 33]
2011-12-19 17:47:26 Notice: Notice (8): Undefined property: View::$Js in [/var/www/hc3/app/views/layouts/default.ctp, line 33]
2011-12-19 18:04:47 Notice: Notice (8): Undefined property: View::$Js in [/var/www/hc3/app/views/layouts/default.ctp, line 33]
2011-12-19 18:04:50 Notice: Notice (8): Undefined property: View::$Js in [/var/www/hc3/app/views/layouts/default.ctp, line 33]
2011-12-19 18:05:30 Notice: Notice (8): Undefined property: View::$Js in [/var/www/hc3/app/views/layouts/default.ctp, line 33]
2011-12-19 18:08:17 Notice: Notice (8): Undefined variable: city in [/var/www/hc3/app/views/cities/region.ctp, line 7]
2011-12-19 18:08:32 Notice: Notice (8): Undefined variable: cities in [/var/www/hc3/app/views/cities/region.ctp, line 7]
2011-12-19 18:17:48 Notice: Notice (8): Undefined index: id in [/var/www/hc3/app/views/cities/region.ctp, line 11]
